<?xml version="1.0" encoding="UTF-8"?>
<!-- Generated by org.testng.reporters.JUnitReportReporter -->
<testsuite hostname="project" name="com.websystique.springmvc.dao.EmployeeDaoImplTest" tests="6" failures="0" timestamp="14 Feb 2019 15:54:31 GMT" time="0.451" errors="0">
  <testcase name="deleteEmployeeByInvalidSsn" time="0.107" classname="com.websystique.springmvc.dao.EmployeeDaoImplTest"/>
  <testcase name="saveEmployee" time="0.049" classname="com.websystique.springmvc.dao.EmployeeDaoImplTest"/>
  <testcase name="findById" time="0.161" classname="com.websystique.springmvc.dao.EmployeeDaoImplTest"/>
  <testcase name="findEmployeeBySsn" time="0.039" classname="com.websystique.springmvc.dao.EmployeeDaoImplTest"/>
  <testcase name="findAllEmployees" time="0.074" classname="com.websystique.springmvc.dao.EmployeeDaoImplTest"/>
  <testcase name="deleteEmployeeBySsn" time="0.021" classname="com.websystique.springmvc.dao.EmployeeDaoImplTest"/>
</testsuite> <!-- com.websystique.springmvc.dao.EmployeeDaoImplTest -->
