<?xml version="1.0" encoding="UTF-8"?>
<!-- Generated by org.testng.reporters.JUnitReportReporter -->
<testsuite hostname="ip-172-31-27-206.us-west-2.compute.internal" name="com.websystique.springmvc.dao.EmployeeDaoImplTest" tests="6" failures="0" timestamp="27 Aug 2019 12:14:58 GMT" time="0.656" errors="0">
  <testcase name="findEmployeeBySsn" time="0.049" classname="com.websystique.springmvc.dao.EmployeeDaoImplTest"/>
  <testcase name="findAllEmployees" time="0.239" classname="com.websystique.springmvc.dao.EmployeeDaoImplTest"/>
  <testcase name="deleteEmployeeBySsn" time="0.039" classname="com.websystique.springmvc.dao.EmployeeDaoImplTest"/>
  <testcase name="saveEmployee" time="0.063" classname="com.websystique.springmvc.dao.EmployeeDaoImplTest"/>
  <testcase name="deleteEmployeeByInvalidSsn" time="0.129" classname="com.websystique.springmvc.dao.EmployeeDaoImplTest"/>
  <testcase name="findById" time="0.137" classname="com.websystique.springmvc.dao.EmployeeDaoImplTest"/>
</testsuite> <!-- com.websystique.springmvc.dao.EmployeeDaoImplTest -->
